<?xml version="1.0" encoding="UTF-8"?>
<!-- Generated by org.testng.reporters.JUnitReportReporter -->
<testsuite skipped="0" hostname="Jeff" name="testCases.FileUploadsTest" tests="2" failures="0" timestamp="05 Oct 2018 01:08:03 GMT" time="121.281" errors="0">
  <testcase name="stockTake_xlsx_File_Upload_Test" time="60.145" classname="testCases.FileUploadsTest"/>
  <testcase name="stockTake_xls_File_Upload_Test" time="61.136" classname="testCases.FileUploadsTest"/>
</testsuite> <!-- testCases.FileUploadsTest -->
